TN:
SF:src/app.js
FNF:0
FNH:0
DA:1,1
DA:2,1
DA:3,1
DA:4,1
DA:5,1
DA:6,1
DA:7,1
DA:8,1
DA:9,1
DA:10,1
DA:11,1
DA:12,1
DA:13,1
DA:14,1
DA:15,1
DA:16,1
DA:17,1
DA:18,1
DA:19,1
DA:20,1
DA:21,1
DA:22,1
DA:23,1
DA:24,1
DA:25,1
DA:26,20
DA:27,20
DA:28,20
DA:29,20
DA:30,20
DA:31,20
DA:32,20
DA:33,20
DA:34,20
DA:35,20
DA:36,20
DA:37,20
DA:38,20
DA:39,20
DA:40,20
DA:41,20
DA:42,20
DA:43,20
DA:44,1
DA:45,1
DA:46,1
DA:47,1
DA:48,1
DA:49,1
DA:50,1
DA:51,1
DA:52,1
DA:53,1
DA:54,0
DA:55,1
DA:56,1
DA:57,1
DA:58,1
DA:59,1
DA:60,1
DA:61,1
DA:62,1
DA:63,1
DA:64,1
DA:65,1
DA:66,1
LF:66
LH:65
BRDA:25,0,0,20
BRF:1
BRH:1
end_of_record
TN:
SF:src/api/auth/auth.controller.js
FNF:0
FNH:0
DA:1,1
DA:2,1
DA:3,1
DA:4,1
DA:5,1
DA:6,1
DA:7,1
DA:8,1
DA:9,1
DA:10,3
DA:11,3
DA:12,3
DA:13,3
DA:14,3
DA:15,3
DA:16,3
DA:17,3
DA:18,3
DA:19,2
DA:20,2
DA:21,2
DA:22,2
DA:23,2
DA:24,3
DA:25,1
DA:26,1
DA:27,1
DA:28,1
DA:29,1
DA:30,1
DA:31,0
DA:32,0
DA:33,0
DA:34,0
DA:35,0
DA:36,1
DA:37,3
DA:38,1
DA:39,1
DA:40,1
DA:41,1
DA:42,4
DA:43,4
DA:44,4
DA:45,4
DA:46,4
DA:47,4
DA:48,4
DA:49,2
DA:50,2
DA:51,2
DA:52,2
DA:53,2
DA:54,2
DA:55,2
DA:56,2
DA:57,2
DA:58,2
DA:59,2
DA:60,2
DA:61,2
DA:62,0
DA:63,0
DA:64,0
DA:65,0
DA:66,0
DA:67,2
DA:68,1
DA:69,1
DA:70,1
LF:70
LH:60
BRDA:9,0,0,3
BRDA:16,1,0,0
BRDA:18,2,0,2
BRDA:24,3,0,1
BRDA:30,4,0,0
BRDA:42,5,0,4
BRDA:48,6,0,2
BRDA:61,7,0,0
BRF:8
BRH:5
end_of_record
TN:
SF:src/api/auth/auth.repository.js
FN:3,createUser
FN:10,findUserByEmail
FNF:2
FNH:2
FNDA:2,createUser
FNDA:7,findUserByEmail
DA:1,1
DA:2,1
DA:3,1
DA:4,2
DA:5,2
DA:6,2
DA:7,2
DA:8,2
DA:9,1
DA:10,1
DA:11,7
DA:12,7
DA:13,7
DA:14,7
DA:15,7
DA:16,7
DA:17,7
DA:18,1
DA:19,1
LF:19
LH:19
BRDA:3,0,0,2
BRDA:10,1,0,7
BRF:2
BRH:2
end_of_record
TN:
SF:src/api/auth/auth.service.js
FN:8,register
FN:48,login
FN:67,getUserByEmail
FNF:3
FNH:3
FNDA:3,register
FNDA:4,login
FNDA:4,getUserByEmail
DA:1,1
DA:2,1
DA:3,1
DA:4,1
DA:5,1
DA:6,1
DA:7,1
DA:8,1
DA:9,3
DA:10,3
DA:11,3
DA:12,3
DA:13,2
DA:14,2
DA:15,2
DA:16,2
DA:17,2
DA:18,3
DA:19,3
DA:20,3
DA:21,3
DA:22,3
DA:23,3
DA:24,2
DA:25,3
DA:26,2
DA:27,3
DA:28,1
DA:29,1
DA:30,1
DA:31,1
DA:32,1
DA:33,1
DA:34,1
DA:35,1
DA:36,1
DA:37,1
DA:38,1
DA:39,1
DA:40,1
DA:41,1
DA:42,1
DA:43,1
DA:44,0
DA:45,0
DA:46,3
DA:47,1
DA:48,1
DA:49,4
DA:50,4
DA:51,3
DA:52,4
DA:53,1
DA:54,2
DA:55,0
DA:56,2
DA:57,2
DA:58,2
DA:59,2
DA:60,4
DA:61,2
DA:62,0
DA:63,0
DA:64,4
DA:65,1
DA:66,1
DA:67,1
DA:68,4
DA:69,4
DA:70,1
DA:71,1
DA:72,3
DA:73,3
DA:74,1
LF:74
LH:69
BRDA:8,0,0,3
BRDA:12,1,0,1
BRDA:12,2,0,2
BRDA:18,3,0,1
BRDA:18,4,0,1
BRDA:23,5,0,2
BRDA:25,6,0,0
BRDA:25,7,0,2
BRDA:27,8,0,1
BRDA:43,9,0,0
BRDA:48,10,0,4
BRDA:50,11,0,3
BRDA:52,12,0,2
BRDA:52,13,0,1
BRDA:54,14,0,0
BRDA:54,15,0,0
BRDA:60,16,0,2
BRDA:61,17,0,0
BRDA:67,18,0,4
BRDA:69,19,0,1
BRDA:71,20,0,3
BRF:21
BRH:16
end_of_record
TN:
SF:src/api/event/event.controller.js
FNF:0
FNH:0
DA:1,1
DA:2,1
DA:3,1
DA:4,1
DA:5,1
DA:6,1
DA:7,1
DA:8,1
DA:9,1
DA:10,1
DA:11,5
DA:12,5
DA:13,5
DA:14,5
DA:15,5
DA:16,5
DA:17,5
DA:18,5
DA:19,5
DA:20,5
DA:21,5
DA:22,5
DA:23,5
DA:24,5
DA:25,5
DA:26,5
DA:27,5
DA:28,5
DA:29,5
DA:30,5
DA:31,5
DA:32,0
DA:33,0
DA:34,0
DA:35,0
DA:36,0
DA:37,0
DA:38,0
DA:39,5
DA:40,1
DA:41,1
DA:42,1
DA:43,1
DA:44,1
DA:45,1
DA:46,1
DA:47,1
DA:48,1
DA:49,1
DA:50,1
DA:51,1
DA:52,1
DA:53,0
DA:54,0
DA:55,0
DA:56,0
DA:57,0
DA:58,0
DA:59,0
DA:60,0
DA:61,0
DA:62,0
DA:63,0
DA:64,0
DA:65,1
DA:66,1
DA:67,1
DA:68,1
DA:69,2
DA:70,2
DA:71,2
DA:72,0
DA:73,0
DA:74,0
DA:75,0
DA:76,0
DA:77,2
DA:78,1
DA:79,1
DA:80,1
DA:81,1
DA:82,1
DA:83,1
DA:84,1
DA:85,1
DA:86,1
DA:87,1
DA:88,1
DA:89,1
DA:90,0
DA:91,0
DA:92,0
DA:93,0
DA:94,0
DA:95,1
DA:96,1
DA:97,1
DA:98,1
DA:99,1
LF:99
LH:70
BRDA:10,0,0,5
BRDA:13,1,0,1
BRDA:13,2,0,4
BRDA:14,3,0,1
BRDA:14,4,0,4
BRDA:15,5,0,1
BRDA:15,6,0,4
BRDA:16,7,0,0
BRDA:17,8,0,0
BRDA:18,9,0,0
BRDA:19,10,0,0
BRDA:20,11,0,1
BRDA:20,12,0,4
BRDA:31,13,0,0
BRDA:42,14,0,1
BRDA:52,15,0,0
BRDA:68,16,0,2
BRDA:71,17,0,0
BRDA:77,18,0,1
BRDA:89,19,0,0
BRF:20
BRH:12
end_of_record
TN:
SF:src/api/event/event.repository.js
FN:3,findAllEvents
FN:18,findEventById
FN:30,subtractEventCapacity
FNF:3
FNH:2
FNDA:5,findAllEvents
FNDA:2,findEventById
FNDA:0,subtractEventCapacity
DA:1,1
DA:2,1
DA:3,1
DA:4,5
DA:5,5
DA:6,5
DA:7,5
DA:8,5
DA:9,5
DA:10,5
DA:11,5
DA:12,5
DA:13,5
DA:14,5
DA:15,5
DA:16,5
DA:17,1
DA:18,1
DA:19,2
DA:20,2
DA:21,2
DA:22,2
DA:23,2
DA:24,2
DA:25,2
DA:26,2
DA:27,2
DA:28,2
DA:29,1
DA:30,1
DA:31,0
DA:32,0
DA:33,0
DA:34,0
DA:35,0
DA:36,0
DA:37,0
DA:38,0
DA:39,0
DA:40,0
DA:41,0
DA:42,1
DA:43,1
DA:44,1
DA:45,1
DA:46,1
DA:47,1
DA:48,1
LF:48
LH:37
BRDA:3,0,0,5
BRDA:18,1,0,2
BRF:2
BRH:2
end_of_record
TN:
SF:src/api/event/event.service.js
FN:5,formatQueryParams
FN:38,separateEventsByTime
FN:56,getAllEvents
FN:71,getMyEventAndTicket
FN:88,getEventById
FNF:5
FNH:5
FNDA:5,formatQueryParams
FNDA:1,separateEventsByTime
FNDA:5,getAllEvents
FNDA:1,getMyEventAndTicket
FNDA:2,getEventById
DA:1,1
DA:2,1
DA:3,1
DA:4,1
DA:5,1
DA:6,5
DA:7,5
DA:8,5
DA:9,5
DA:10,5
DA:11,5
DA:12,5
DA:13,1
DA:14,1
DA:15,5
DA:16,1
DA:17,1
DA:18,5
DA:19,1
DA:20,1
DA:21,1
DA:22,5
DA:23,0
DA:24,0
DA:25,0
DA:26,5
DA:27,5
DA:28,5
DA:29,5
DA:30,5
DA:31,0
DA:32,5
DA:33,5
DA:34,5
DA:35,5
DA:36,5
DA:37,1
DA:38,1
DA:39,1
DA:40,1
DA:41,1
DA:42,1
DA:43,1
DA:44,1
DA:45,1
DA:46,1
DA:47,1
DA:48,1
DA:49,0
DA:50,0
DA:51,1
DA:52,1
DA:53,1
DA:54,1
DA:55,1
DA:56,1
DA:57,5
DA:58,5
DA:59,5
DA:60,5
DA:61,5
DA:62,5
DA:63,5
DA:64,5
DA:65,5
DA:66,5
DA:67,0
DA:68,0
DA:69,5
DA:70,1
DA:71,1
DA:72,1
DA:73,1
DA:74,1
DA:75,1
DA:76,1
DA:77,1
DA:78,1
DA:79,1
DA:80,1
DA:81,1
DA:82,1
DA:83,0
DA:84,0
DA:85,0
DA:86,1
DA:87,1
DA:88,1
DA:89,2
DA:90,2
DA:91,1
DA:92,1
DA:93,1
DA:94,1
DA:95,1
DA:96,1
DA:97,1
DA:98,1
DA:99,1
DA:100,1
LF:100
LH:89
BRDA:5,0,0,5
BRDA:12,1,0,1
BRDA:15,2,0,1
BRDA:18,3,0,1
BRDA:22,4,0,0
BRDA:22,5,0,0
BRDA:27,6,0,1
BRDA:27,7,0,4
BRDA:30,8,0,0
BRDA:31,9,0,0
BRDA:33,10,0,0
BRDA:33,11,0,0
BRDA:38,12,0,1
BRDA:44,13,0,1
BRDA:48,14,0,0
BRDA:56,15,0,5
BRDA:66,16,0,0
BRDA:71,17,0,1
BRDA:82,18,0,0
BRDA:88,19,0,2
BRDA:90,20,0,1
BRF:21
BRH:12
end_of_record
TN:
SF:src/api/notification/notification.repository.js
FN:3,createNotification
FNF:1
FNH:0
FNDA:0,createNotification
DA:1,1
DA:2,1
DA:3,1
DA:4,0
DA:5,0
DA:6,0
DA:7,0
DA:8,0
DA:9,0
DA:10,0
DA:11,0
DA:12,0
DA:13,0
DA:14,0
DA:15,0
DA:16,0
DA:17,0
DA:18,0
DA:19,0
DA:20,0
DA:21,1
DA:22,1
LF:22
LH:5
BRF:0
BRH:0
end_of_record
TN:
SF:src/api/profile/profile.controller.js
FNF:0
FNH:0
DA:1,1
DA:2,1
DA:3,1
DA:4,1
DA:5,1
DA:6,1
DA:7,1
DA:8,1
DA:9,1
DA:10,1
DA:11,1
DA:12,1
DA:13,1
DA:14,1
DA:15,1
DA:16,1
DA:17,1
DA:18,1
DA:19,1
DA:20,1
DA:21,1
DA:22,1
DA:23,1
DA:24,1
DA:25,0
DA:26,0
DA:27,0
DA:28,0
DA:29,0
DA:30,0
DA:31,0
DA:32,0
DA:33,0
DA:34,0
DA:35,0
DA:36,0
DA:37,1
DA:38,1
DA:39,1
LF:39
LH:27
BRDA:8,0,0,1
BRDA:17,1,0,0
BRDA:24,2,0,0
BRF:3
BRH:1
end_of_record
TN:
SF:src/api/ticket/ticket.controller.js
FNF:0
FNH:0
DA:1,1
DA:2,1
DA:3,1
DA:4,1
DA:5,1
DA:6,1
DA:7,1
DA:8,0
DA:9,0
DA:10,0
DA:11,0
DA:12,0
DA:13,0
DA:14,0
DA:15,0
DA:16,0
DA:17,0
DA:18,0
DA:19,0
DA:20,0
DA:21,0
DA:22,0
DA:23,0
DA:24,0
DA:25,0
DA:26,0
DA:27,0
DA:28,0
DA:29,0
DA:30,0
DA:31,0
DA:32,0
DA:33,0
DA:34,1
DA:35,1
DA:36,1
LF:36
LH:10
BRF:0
BRH:0
end_of_record
TN:
SF:src/api/ticket/ticket.repository.js
FN:3,createTicket
FN:10,findMyTicketAndEvents
FNF:2
FNH:1
FNDA:0,createTicket
FNDA:1,findMyTicketAndEvents
DA:1,1
DA:2,1
DA:3,1
DA:4,0
DA:5,0
DA:6,0
DA:7,0
DA:8,0
DA:9,1
DA:10,1
DA:11,1
DA:12,1
DA:13,1
DA:14,1
DA:15,1
DA:16,1
DA:17,1
DA:18,1
DA:19,1
DA:20,1
DA:21,1
DA:22,1
DA:23,1
DA:24,1
DA:25,1
DA:26,1
DA:27,1
DA:28,1
DA:29,1
DA:30,1
DA:31,1
DA:32,1
DA:33,1
DA:34,1
DA:35,1
DA:36,1
DA:37,1
DA:38,1
DA:39,1
DA:40,1
DA:41,1
LF:41
LH:36
BRDA:10,0,0,1
BRF:1
BRH:1
end_of_record
TN:
SF:src/api/ticket/ticket.service.js
FN:9,createTicket
FNF:1
FNH:0
FNDA:0,createTicket
DA:1,1
DA:2,1
DA:3,1
DA:4,1
DA:5,1
DA:6,1
DA:7,1
DA:8,1
DA:9,1
DA:10,0
DA:11,0
DA:12,0
DA:13,0
DA:14,0
DA:15,0
DA:16,0
DA:17,0
DA:18,0
DA:19,0
DA:20,0
DA:21,0
DA:22,0
DA:23,0
DA:24,0
DA:25,0
DA:26,0
DA:27,0
DA:28,0
DA:29,0
DA:30,0
DA:31,0
DA:32,0
DA:33,0
DA:34,0
DA:35,0
DA:36,0
DA:37,0
DA:38,0
DA:39,0
DA:40,0
DA:41,0
DA:42,0
DA:43,0
DA:44,0
DA:45,0
DA:46,0
DA:47,0
DA:48,0
DA:49,1
DA:50,1
LF:50
LH:11
BRF:0
BRH:0
end_of_record
TN:
SF:src/config/cors.config.js
FN:4,origin
FNF:1
FNH:1
FNDA:20,origin
DA:1,1
DA:2,1
DA:3,1
DA:4,1
DA:5,20
DA:6,20
DA:7,20
DA:8,20
DA:9,20
DA:10,20
DA:11,1
DA:12,1
DA:13,1
LF:13
LH:13
BRDA:4,0,0,20
BRF:1
BRH:1
end_of_record
TN:
SF:src/config/types.config.js
FNF:0
FNH:0
DA:1,1
DA:2,1
DA:3,1
DA:4,1
DA:5,1
DA:6,1
DA:7,1
DA:8,1
DA:9,1
DA:10,1
DA:11,1
DA:12,1
DA:13,1
DA:14,1
DA:15,1
DA:16,1
DA:17,1
DA:18,1
DA:19,1
DA:20,1
DA:21,1
DA:22,1
DA:23,1
DA:24,1
DA:25,1
DA:26,1
DA:27,1
DA:28,1
DA:29,1
DA:30,1
DA:31,1
DA:32,1
DA:33,1
DA:34,1
DA:35,1
DA:36,1
DA:37,1
DA:38,1
DA:39,1
DA:40,1
DA:41,1
DA:42,1
DA:43,1
DA:44,1
DA:45,1
DA:46,1
DA:47,1
DA:48,1
DA:49,1
DA:50,1
DA:51,1
LF:51
LH:51
BRF:0
BRH:0
end_of_record
TN:
SF:src/db/index.js
FNF:0
FNH:0
DA:1,1
DA:2,1
DA:3,1
DA:4,1
DA:5,1
LF:5
LH:5
BRF:0
BRH:0
end_of_record
TN:
SF:src/middlewares/authenticateToken.js
FN:4,authenticateToken
FNF:1
FNH:1
FNDA:6,authenticateToken
DA:1,1
DA:2,1
DA:3,1
DA:4,6
DA:5,6
DA:6,6
DA:7,6
DA:8,2
DA:9,2
DA:10,2
DA:11,2
DA:12,2
DA:13,4
DA:14,4
DA:15,4
DA:16,4
DA:17,2
DA:18,2
DA:19,2
DA:20,2
DA:21,2
DA:22,2
DA:23,2
DA:24,4
DA:25,4
DA:26,1
DA:27,1
LF:27
LH:27
BRDA:4,0,0,6
BRDA:6,1,0,4
BRDA:7,2,0,2
BRDA:12,3,0,4
BRDA:15,4,0,4
BRDA:16,5,0,2
BRF:6
BRH:6
end_of_record
TN:
SF:src/middlewares/validatorCatcher.js
FN:4,validatorCatcher
FNF:1
FNH:1
FNDA:5,validatorCatcher
DA:1,1
DA:2,1
DA:3,1
DA:4,1
DA:5,5
DA:6,5
DA:7,0
DA:8,0
DA:9,0
DA:10,0
DA:11,0
DA:12,0
DA:13,5
DA:14,5
DA:15,5
DA:16,1
DA:17,1
LF:17
LH:11
BRDA:4,0,0,5
BRDA:6,1,0,0
BRF:2
BRH:1
end_of_record
TN:
SF:src/utils/apiUtils.js
FN:1,apiResponse
FN:11,customError
FNF:2
FNH:2
FNDA:20,apiResponse
FNDA:4,customError
DA:1,1
DA:2,20
DA:3,20
DA:4,20
DA:5,20
DA:6,20
DA:7,20
DA:8,20
DA:9,20
DA:10,1
DA:11,1
DA:12,4
DA:13,4
DA:14,4
DA:15,1
DA:16,1
DA:17,1
LF:17
LH:17
BRDA:1,0,0,20
BRDA:11,1,0,4
BRF:2
BRH:2
end_of_record
